<?xml version="1.0" encoding="UTF-8"?>
<testng-results skipped="0" failed="8" total="48" passed="40">
  <reporter-output>
  </reporter-output>
  <suite name="Command line suite" duration-ms="137" started-at="2014-01-19T01:00:42Z" finished-at="2014-01-19T01:00:42Z">
    <groups>
    </groups>
    <test name="Command line test" duration-ms="137" started-at="2014-01-19T01:00:42Z" finished-at="2014-01-19T01:00:42Z">
      <class name="org.grapeCity.restAssignment.service.DirectoryServiceImplTest">
        <test-method status="PASS" signature="testDirectoryServiceImpl_1()" name="testDirectoryServiceImpl_1" duration-ms="88" started-at="2014-01-19T01:00:42Z" finished-at="2014-01-19T01:00:42Z">
        </test-method>
        <test-method status="FAIL" signature="testGetDirectoryList_1()" name="testGetDirectoryList_1" duration-ms="8" started-at="2014-01-19T01:00:42Z" finished-at="2014-01-19T01:00:42Z">
          <exception class="junit.framework.AssertionFailedError">
            <full-stacktrace>
              <![CDATA[junit.framework.AssertionFailedError
	at junit.framework.Assert.fail(Assert.java:47)
	at junit.framework.Assert.assertTrue(Assert.java:20)
	at junit.framework.Assert.assertNotNull(Assert.java:220)
	at junit.framework.Assert.assertNotNull(Assert.java:213)
	at org.grapeCity.restAssignment.service.DirectoryServiceImplTest.testGetDirectoryList_1(DirectoryServiceImplTest.java:43)
	at sun.reflect.NativeMethodAccessorImpl.invoke0(Native Method)
	at sun.reflect.NativeMethodAccessorImpl.invoke(NativeMethodAccessorImpl.java:39)
	at sun.reflect.DelegatingMethodAccessorImpl.invoke(DelegatingMethodAccessorImpl.java:25)
	at java.lang.reflect.Method.invoke(Method.java:597)
	at junit.framework.TestCase.runTest(TestCase.java:154)
	at junit.framework.TestCase.runBare(TestCase.java:127)
	at junit.framework.TestResult$1.protect(TestResult.java:106)
	at junit.framework.TestResult.runProtected(TestResult.java:124)
	at junit.framework.TestResult.run(TestResult.java:109)
	at junit.framework.TestCase.run(TestCase.java:118)
	at junit.framework.TestSuite.runTest(TestSuite.java:208)
	at junit.framework.TestSuite.run(TestSuite.java:203)
	at org.testng.junit.JUnitTestRunner.doRun(JUnitTestRunner.java:250)
	at org.testng.junit.JUnitTestRunner.start(JUnitTestRunner.java:223)
	at org.testng.junit.JUnitTestRunner.run(JUnitTestRunner.java:211)
	at org.testng.TestRunner$1.run(TestRunner.java:673)
	at org.testng.TestRunner.runWorkers(TestRunner.java:999)
	at org.testng.TestRunner.privateRunJUnit(TestRunner.java:704)
	at org.testng.TestRunner.run(TestRunner.java:611)
	at org.testng.SuiteRunner.runTest(SuiteRunner.java:335)
	at org.testng.SuiteRunner.runSequentially(SuiteRunner.java:330)
	at org.testng.SuiteRunner.privateRun(SuiteRunner.java:292)
	at org.testng.SuiteRunner.run(SuiteRunner.java:241)
	at org.testng.SuiteRunnerWorker.runSuite(SuiteRunnerWorker.java:52)
	at org.testng.SuiteRunnerWorker.run(SuiteRunnerWorker.java:86)
	at org.testng.TestNG.runSuitesSequentially(TestNG.java:1169)
	at org.testng.TestNG.runSuitesLocally(TestNG.java:1094)
	at org.testng.TestNG.run(TestNG.java:1006)
	at org.apache.maven.surefire.testng.TestNGExecutor.run(TestNGExecutor.java:70)
	at org.apache.maven.surefire.testng.TestNGDirectoryTestSuite.executeMulti(TestNGDirectoryTestSuite.java:174)
	at org.apache.maven.surefire.testng.TestNGDirectoryTestSuite.execute(TestNGDirectoryTestSuite.java:98)
	at org.apache.maven.surefire.testng.TestNGProvider.invoke(TestNGProvider.java:111)
	at sun.reflect.NativeMethodAccessorImpl.invoke0(Native Method)
	at sun.reflect.NativeMethodAccessorImpl.invoke(NativeMethodAccessorImpl.java:39)
	at sun.reflect.DelegatingMethodAccessorImpl.invoke(DelegatingMethodAccessorImpl.java:25)
	at java.lang.reflect.Method.invoke(Method.java:597)
	at org.apache.maven.surefire.util.ReflectionUtils.invokeMethodWithArray(ReflectionUtils.java:164)
	at org.apache.maven.surefire.booter.ProviderFactory$ProviderProxy.invoke(ProviderFactory.java:110)
	at org.apache.maven.surefire.booter.SurefireStarter.invokeProvider(SurefireStarter.java:175)
	at org.apache.maven.surefire.booter.SurefireStarter.runSuitesInProcessWhenForked(SurefireStarter.java:107)
	at org.apache.maven.surefire.booter.ForkedBooter.main(ForkedBooter.java:68)
]]>
            </full-stacktrace>
          </exception>
        </test-method>
        <test-method status="FAIL" signature="testGetDirectoryList_2()" name="testGetDirectoryList_2" duration-ms="2" started-at="2014-01-19T01:00:42Z" finished-at="2014-01-19T01:00:42Z">
          <exception class="junit.framework.AssertionFailedError">
            <full-stacktrace>
              <![CDATA[junit.framework.AssertionFailedError
	at junit.framework.Assert.fail(Assert.java:47)
	at junit.framework.Assert.assertTrue(Assert.java:20)
	at junit.framework.Assert.assertNotNull(Assert.java:220)
	at junit.framework.Assert.assertNotNull(Assert.java:213)
	at org.grapeCity.restAssignment.service.DirectoryServiceImplTest.testGetDirectoryList_2(DirectoryServiceImplTest.java:63)
	at sun.reflect.NativeMethodAccessorImpl.invoke0(Native Method)
	at sun.reflect.NativeMethodAccessorImpl.invoke(NativeMethodAccessorImpl.java:39)
	at sun.reflect.DelegatingMethodAccessorImpl.invoke(DelegatingMethodAccessorImpl.java:25)
	at java.lang.reflect.Method.invoke(Method.java:597)
	at junit.framework.TestCase.runTest(TestCase.java:154)
	at junit.framework.TestCase.runBare(TestCase.java:127)
	at junit.framework.TestResult$1.protect(TestResult.java:106)
	at junit.framework.TestResult.runProtected(TestResult.java:124)
	at junit.framework.TestResult.run(TestResult.java:109)
	at junit.framework.TestCase.run(TestCase.java:118)
	at junit.framework.TestSuite.runTest(TestSuite.java:208)
	at junit.framework.TestSuite.run(TestSuite.java:203)
	at org.testng.junit.JUnitTestRunner.doRun(JUnitTestRunner.java:250)
	at org.testng.junit.JUnitTestRunner.start(JUnitTestRunner.java:223)
	at org.testng.junit.JUnitTestRunner.run(JUnitTestRunner.java:211)
	at org.testng.TestRunner$1.run(TestRunner.java:673)
	at org.testng.TestRunner.runWorkers(TestRunner.java:999)
	at org.testng.TestRunner.privateRunJUnit(TestRunner.java:704)
	at org.testng.TestRunner.run(TestRunner.java:611)
	at org.testng.SuiteRunner.runTest(SuiteRunner.java:335)
	at org.testng.SuiteRunner.runSequentially(SuiteRunner.java:330)
	at org.testng.SuiteRunner.privateRun(SuiteRunner.java:292)
	at org.testng.SuiteRunner.run(SuiteRunner.java:241)
	at org.testng.SuiteRunnerWorker.runSuite(SuiteRunnerWorker.java:52)
	at org.testng.SuiteRunnerWorker.run(SuiteRunnerWorker.java:86)
	at org.testng.TestNG.runSuitesSequentially(TestNG.java:1169)
	at org.testng.TestNG.runSuitesLocally(TestNG.java:1094)
	at org.testng.TestNG.run(TestNG.java:1006)
	at org.apache.maven.surefire.testng.TestNGExecutor.run(TestNGExecutor.java:70)
	at org.apache.maven.surefire.testng.TestNGDirectoryTestSuite.executeMulti(TestNGDirectoryTestSuite.java:174)
	at org.apache.maven.surefire.testng.TestNGDirectoryTestSuite.execute(TestNGDirectoryTestSuite.java:98)
	at org.apache.maven.surefire.testng.TestNGProvider.invoke(TestNGProvider.java:111)
	at sun.reflect.NativeMethodAccessorImpl.invoke0(Native Method)
	at sun.reflect.NativeMethodAccessorImpl.invoke(NativeMethodAccessorImpl.java:39)
	at sun.reflect.DelegatingMethodAccessorImpl.invoke(DelegatingMethodAccessorImpl.java:25)
	at java.lang.reflect.Method.invoke(Method.java:597)
	at org.apache.maven.surefire.util.ReflectionUtils.invokeMethodWithArray(ReflectionUtils.java:164)
	at org.apache.maven.surefire.booter.ProviderFactory$ProviderProxy.invoke(ProviderFactory.java:110)
	at org.apache.maven.surefire.booter.SurefireStarter.invokeProvider(SurefireStarter.java:175)
	at org.apache.maven.surefire.booter.SurefireStarter.runSuitesInProcessWhenForked(SurefireStarter.java:107)
	at org.apache.maven.surefire.booter.ForkedBooter.main(ForkedBooter.java:68)
]]>
            </full-stacktrace>
          </exception>
        </test-method>
        <test-method status="FAIL" signature="testGetDirectoryList_4()" name="testGetDirectoryList_4" duration-ms="3" started-at="2014-01-19T01:00:42Z" finished-at="2014-01-19T01:00:42Z">
          <exception class="junit.framework.AssertionFailedError">
            <full-stacktrace>
              <![CDATA[junit.framework.AssertionFailedError
	at junit.framework.Assert.fail(Assert.java:47)
	at junit.framework.Assert.assertTrue(Assert.java:20)
	at junit.framework.Assert.assertNotNull(Assert.java:220)
	at junit.framework.Assert.assertNotNull(Assert.java:213)
	at org.grapeCity.restAssignment.service.DirectoryServiceImplTest.testGetDirectoryList_4(DirectoryServiceImplTest.java:103)
	at sun.reflect.NativeMethodAccessorImpl.invoke0(Native Method)
	at sun.reflect.NativeMethodAccessorImpl.invoke(NativeMethodAccessorImpl.java:39)
	at sun.reflect.DelegatingMethodAccessorImpl.invoke(DelegatingMethodAccessorImpl.java:25)
	at java.lang.reflect.Method.invoke(Method.java:597)
	at junit.framework.TestCase.runTest(TestCase.java:154)
	at junit.framework.TestCase.runBare(TestCase.java:127)
	at junit.framework.TestResult$1.protect(TestResult.java:106)
	at junit.framework.TestResult.runProtected(TestResult.java:124)
	at junit.framework.TestResult.run(TestResult.java:109)
	at junit.framework.TestCase.run(TestCase.java:118)
	at junit.framework.TestSuite.runTest(TestSuite.java:208)
	at junit.framework.TestSuite.run(TestSuite.java:203)
	at org.testng.junit.JUnitTestRunner.doRun(JUnitTestRunner.java:250)
	at org.testng.junit.JUnitTestRunner.start(JUnitTestRunner.java:223)
	at org.testng.junit.JUnitTestRunner.run(JUnitTestRunner.java:211)
	at org.testng.TestRunner$1.run(TestRunner.java:673)
	at org.testng.TestRunner.runWorkers(TestRunner.java:999)
	at org.testng.TestRunner.privateRunJUnit(TestRunner.java:704)
	at org.testng.TestRunner.run(TestRunner.java:611)
	at org.testng.SuiteRunner.runTest(SuiteRunner.java:335)
	at org.testng.SuiteRunner.runSequentially(SuiteRunner.java:330)
	at org.testng.SuiteRunner.privateRun(SuiteRunner.java:292)
	at org.testng.SuiteRunner.run(SuiteRunner.java:241)
	at org.testng.SuiteRunnerWorker.runSuite(SuiteRunnerWorker.java:52)
	at org.testng.SuiteRunnerWorker.run(SuiteRunnerWorker.java:86)
	at org.testng.TestNG.runSuitesSequentially(TestNG.java:1169)
	at org.testng.TestNG.runSuitesLocally(TestNG.java:1094)
	at org.testng.TestNG.run(TestNG.java:1006)
	at org.apache.maven.surefire.testng.TestNGExecutor.run(TestNGExecutor.java:70)
	at org.apache.maven.surefire.testng.TestNGDirectoryTestSuite.executeMulti(TestNGDirectoryTestSuite.java:174)
	at org.apache.maven.surefire.testng.TestNGDirectoryTestSuite.execute(TestNGDirectoryTestSuite.java:98)
	at org.apache.maven.surefire.testng.TestNGProvider.invoke(TestNGProvider.java:111)
	at sun.reflect.NativeMethodAccessorImpl.invoke0(Native Method)
	at sun.reflect.NativeMethodAccessorImpl.invoke(NativeMethodAccessorImpl.java:39)
	at sun.reflect.DelegatingMethodAccessorImpl.invoke(DelegatingMethodAccessorImpl.java:25)
	at java.lang.reflect.Method.invoke(Method.java:597)
	at org.apache.maven.surefire.util.ReflectionUtils.invokeMethodWithArray(ReflectionUtils.java:164)
	at org.apache.maven.surefire.booter.ProviderFactory$ProviderProxy.invoke(ProviderFactory.java:110)
	at org.apache.maven.surefire.booter.SurefireStarter.invokeProvider(SurefireStarter.java:175)
	at org.apache.maven.surefire.booter.SurefireStarter.runSuitesInProcessWhenForked(SurefireStarter.java:107)
	at org.apache.maven.surefire.booter.ForkedBooter.main(ForkedBooter.java:68)
]]>
            </full-stacktrace>
          </exception>
        </test-method>
        <test-method status="FAIL" signature="testGetDirectoryList_3()" name="testGetDirectoryList_3" duration-ms="0" started-at="2014-01-19T01:00:42Z" finished-at="2014-01-19T01:00:42Z">
          <exception class="junit.framework.AssertionFailedError">
            <full-stacktrace>
              <![CDATA[junit.framework.AssertionFailedError
	at junit.framework.Assert.fail(Assert.java:47)
	at junit.framework.Assert.assertTrue(Assert.java:20)
	at junit.framework.Assert.assertNotNull(Assert.java:220)
	at junit.framework.Assert.assertNotNull(Assert.java:213)
	at org.grapeCity.restAssignment.service.DirectoryServiceImplTest.testGetDirectoryList_3(DirectoryServiceImplTest.java:83)
	at sun.reflect.NativeMethodAccessorImpl.invoke0(Native Method)
	at sun.reflect.NativeMethodAccessorImpl.invoke(NativeMethodAccessorImpl.java:39)
	at sun.reflect.DelegatingMethodAccessorImpl.invoke(DelegatingMethodAccessorImpl.java:25)
	at java.lang.reflect.Method.invoke(Method.java:597)
	at junit.framework.TestCase.runTest(TestCase.java:154)
	at junit.framework.TestCase.runBare(TestCase.java:127)
	at junit.framework.TestResult$1.protect(TestResult.java:106)
	at junit.framework.TestResult.runProtected(TestResult.java:124)
	at junit.framework.TestResult.run(TestResult.java:109)
	at junit.framework.TestCase.run(TestCase.java:118)
	at junit.framework.TestSuite.runTest(TestSuite.java:208)
	at junit.framework.TestSuite.run(TestSuite.java:203)
	at org.testng.junit.JUnitTestRunner.doRun(JUnitTestRunner.java:250)
	at org.testng.junit.JUnitTestRunner.start(JUnitTestRunner.java:223)
	at org.testng.junit.JUnitTestRunner.run(JUnitTestRunner.java:211)
	at org.testng.TestRunner$1.run(TestRunner.java:673)
	at org.testng.TestRunner.runWorkers(TestRunner.java:999)
	at org.testng.TestRunner.privateRunJUnit(TestRunner.java:704)
	at org.testng.TestRunner.run(TestRunner.java:611)
	at org.testng.SuiteRunner.runTest(SuiteRunner.java:335)
	at org.testng.SuiteRunner.runSequentially(SuiteRunner.java:330)
	at org.testng.SuiteRunner.privateRun(SuiteRunner.java:292)
	at org.testng.SuiteRunner.run(SuiteRunner.java:241)
	at org.testng.SuiteRunnerWorker.runSuite(SuiteRunnerWorker.java:52)
	at org.testng.SuiteRunnerWorker.run(SuiteRunnerWorker.java:86)
	at org.testng.TestNG.runSuitesSequentially(TestNG.java:1169)
	at org.testng.TestNG.runSuitesLocally(TestNG.java:1094)
	at org.testng.TestNG.run(TestNG.java:1006)
	at org.apache.maven.surefire.testng.TestNGExecutor.run(TestNGExecutor.java:70)
	at org.apache.maven.surefire.testng.TestNGDirectoryTestSuite.executeMulti(TestNGDirectoryTestSuite.java:174)
	at org.apache.maven.surefire.testng.TestNGDirectoryTestSuite.execute(TestNGDirectoryTestSuite.java:98)
	at org.apache.maven.surefire.testng.TestNGProvider.invoke(TestNGProvider.java:111)
	at sun.reflect.NativeMethodAccessorImpl.invoke0(Native Method)
	at sun.reflect.NativeMethodAccessorImpl.invoke(NativeMethodAccessorImpl.java:39)
	at sun.reflect.DelegatingMethodAccessorImpl.invoke(DelegatingMethodAccessorImpl.java:25)
	at java.lang.reflect.Method.invoke(Method.java:597)
	at org.apache.maven.surefire.util.ReflectionUtils.invokeMethodWithArray(ReflectionUtils.java:164)
	at org.apache.maven.surefire.booter.ProviderFactory$ProviderProxy.invoke(ProviderFactory.java:110)
	at org.apache.maven.surefire.booter.SurefireStarter.invokeProvider(SurefireStarter.java:175)
	at org.apache.maven.surefire.booter.SurefireStarter.runSuitesInProcessWhenForked(SurefireStarter.java:107)
	at org.apache.maven.surefire.booter.ForkedBooter.main(ForkedBooter.java:68)
]]>
            </full-stacktrace>
          </exception>
        </test-method>
        <test-method status="FAIL" signature="testGetFileDetails_1()" name="testGetFileDetails_1" duration-ms="0" started-at="2014-01-19T01:00:42Z" finished-at="2014-01-19T01:00:42Z">
          <exception class="junit.framework.AssertionFailedError">
            <full-stacktrace>
              <![CDATA[junit.framework.AssertionFailedError
	at junit.framework.Assert.fail(Assert.java:47)
	at junit.framework.Assert.assertTrue(Assert.java:20)
	at junit.framework.Assert.assertNotNull(Assert.java:220)
	at junit.framework.Assert.assertNotNull(Assert.java:213)
	at org.grapeCity.restAssignment.service.DirectoryServiceImplTest.testGetFileDetails_1(DirectoryServiceImplTest.java:127)
	at sun.reflect.NativeMethodAccessorImpl.invoke0(Native Method)
	at sun.reflect.NativeMethodAccessorImpl.invoke(NativeMethodAccessorImpl.java:39)
	at sun.reflect.DelegatingMethodAccessorImpl.invoke(DelegatingMethodAccessorImpl.java:25)
	at java.lang.reflect.Method.invoke(Method.java:597)
	at junit.framework.TestCase.runTest(TestCase.java:154)
	at junit.framework.TestCase.runBare(TestCase.java:127)
	at junit.framework.TestResult$1.protect(TestResult.java:106)
	at junit.framework.TestResult.runProtected(TestResult.java:124)
	at junit.framework.TestResult.run(TestResult.java:109)
	at junit.framework.TestCase.run(TestCase.java:118)
	at junit.framework.TestSuite.runTest(TestSuite.java:208)
	at junit.framework.TestSuite.run(TestSuite.java:203)
	at org.testng.junit.JUnitTestRunner.doRun(JUnitTestRunner.java:250)
	at org.testng.junit.JUnitTestRunner.start(JUnitTestRunner.java:223)
	at org.testng.junit.JUnitTestRunner.run(JUnitTestRunner.java:211)
	at org.testng.TestRunner$1.run(TestRunner.java:673)
	at org.testng.TestRunner.runWorkers(TestRunner.java:999)
	at org.testng.TestRunner.privateRunJUnit(TestRunner.java:704)
	at org.testng.TestRunner.run(TestRunner.java:611)
	at org.testng.SuiteRunner.runTest(SuiteRunner.java:335)
	at org.testng.SuiteRunner.runSequentially(SuiteRunner.java:330)
	at org.testng.SuiteRunner.privateRun(SuiteRunner.java:292)
	at org.testng.SuiteRunner.run(SuiteRunner.java:241)
	at org.testng.SuiteRunnerWorker.runSuite(SuiteRunnerWorker.java:52)
	at org.testng.SuiteRunnerWorker.run(SuiteRunnerWorker.java:86)
	at org.testng.TestNG.runSuitesSequentially(TestNG.java:1169)
	at org.testng.TestNG.runSuitesLocally(TestNG.java:1094)
	at org.testng.TestNG.run(TestNG.java:1006)
	at org.apache.maven.surefire.testng.TestNGExecutor.run(TestNGExecutor.java:70)
	at org.apache.maven.surefire.testng.TestNGDirectoryTestSuite.executeMulti(TestNGDirectoryTestSuite.java:174)
	at org.apache.maven.surefire.testng.TestNGDirectoryTestSuite.execute(TestNGDirectoryTestSuite.java:98)
	at org.apache.maven.surefire.testng.TestNGProvider.invoke(TestNGProvider.java:111)
	at sun.reflect.NativeMethodAccessorImpl.invoke0(Native Method)
	at sun.reflect.NativeMethodAccessorImpl.invoke(NativeMethodAccessorImpl.java:39)
	at sun.reflect.DelegatingMethodAccessorImpl.invoke(DelegatingMethodAccessorImpl.java:25)
	at java.lang.reflect.Method.invoke(Method.java:597)
	at org.apache.maven.surefire.util.ReflectionUtils.invokeMethodWithArray(ReflectionUtils.java:164)
	at org.apache.maven.surefire.booter.ProviderFactory$ProviderProxy.invoke(ProviderFactory.java:110)
	at org.apache.maven.surefire.booter.SurefireStarter.invokeProvider(SurefireStarter.java:175)
	at org.apache.maven.surefire.booter.SurefireStarter.runSuitesInProcessWhenForked(SurefireStarter.java:107)
	at org.apache.maven.surefire.booter.ForkedBooter.main(ForkedBooter.java:68)
]]>
            </full-stacktrace>
          </exception>
        </test-method>
        <test-method status="FAIL" signature="testGetFileDetails_2()" name="testGetFileDetails_2" duration-ms="0" started-at="2014-01-19T01:00:42Z" finished-at="2014-01-19T01:00:42Z">
          <exception class="junit.framework.AssertionFailedError">
            <full-stacktrace>
              <![CDATA[junit.framework.AssertionFailedError
	at junit.framework.Assert.fail(Assert.java:47)
	at junit.framework.Assert.assertTrue(Assert.java:20)
	at junit.framework.Assert.assertNotNull(Assert.java:220)
	at junit.framework.Assert.assertNotNull(Assert.java:213)
	at org.grapeCity.restAssignment.service.DirectoryServiceImplTest.testGetFileDetails_2(DirectoryServiceImplTest.java:147)
	at sun.reflect.NativeMethodAccessorImpl.invoke0(Native Method)
	at sun.reflect.NativeMethodAccessorImpl.invoke(NativeMethodAccessorImpl.java:39)
	at sun.reflect.DelegatingMethodAccessorImpl.invoke(DelegatingMethodAccessorImpl.java:25)
	at java.lang.reflect.Method.invoke(Method.java:597)
	at junit.framework.TestCase.runTest(TestCase.java:154)
	at junit.framework.TestCase.runBare(TestCase.java:127)
	at junit.framework.TestResult$1.protect(TestResult.java:106)
	at junit.framework.TestResult.runProtected(TestResult.java:124)
	at junit.framework.TestResult.run(TestResult.java:109)
	at junit.framework.TestCase.run(TestCase.java:118)
	at junit.framework.TestSuite.runTest(TestSuite.java:208)
	at junit.framework.TestSuite.run(TestSuite.java:203)
	at org.testng.junit.JUnitTestRunner.doRun(JUnitTestRunner.java:250)
	at org.testng.junit.JUnitTestRunner.start(JUnitTestRunner.java:223)
	at org.testng.junit.JUnitTestRunner.run(JUnitTestRunner.java:211)
	at org.testng.TestRunner$1.run(TestRunner.java:673)
	at org.testng.TestRunner.runWorkers(TestRunner.java:999)
	at org.testng.TestRunner.privateRunJUnit(TestRunner.java:704)
	at org.testng.TestRunner.run(TestRunner.java:611)
	at org.testng.SuiteRunner.runTest(SuiteRunner.java:335)
	at org.testng.SuiteRunner.runSequentially(SuiteRunner.java:330)
	at org.testng.SuiteRunner.privateRun(SuiteRunner.java:292)
	at org.testng.SuiteRunner.run(SuiteRunner.java:241)
	at org.testng.SuiteRunnerWorker.runSuite(SuiteRunnerWorker.java:52)
	at org.testng.SuiteRunnerWorker.run(SuiteRunnerWorker.java:86)
	at org.testng.TestNG.runSuitesSequentially(TestNG.java:1169)
	at org.testng.TestNG.runSuitesLocally(TestNG.java:1094)
	at org.testng.TestNG.run(TestNG.java:1006)
	at org.apache.maven.surefire.testng.TestNGExecutor.run(TestNGExecutor.java:70)
	at org.apache.maven.surefire.testng.TestNGDirectoryTestSuite.executeMulti(TestNGDirectoryTestSuite.java:174)
	at org.apache.maven.surefire.testng.TestNGDirectoryTestSuite.execute(TestNGDirectoryTestSuite.java:98)
	at org.apache.maven.surefire.testng.TestNGProvider.invoke(TestNGProvider.java:111)
	at sun.reflect.NativeMethodAccessorImpl.invoke0(Native Method)
	at sun.reflect.NativeMethodAccessorImpl.invoke(NativeMethodAccessorImpl.java:39)
	at sun.reflect.DelegatingMethodAccessorImpl.invoke(DelegatingMethodAccessorImpl.java:25)
	at java.lang.reflect.Method.invoke(Method.java:597)
	at org.apache.maven.surefire.util.ReflectionUtils.invokeMethodWithArray(ReflectionUtils.java:164)
	at org.apache.maven.surefire.booter.ProviderFactory$ProviderProxy.invoke(ProviderFactory.java:110)
	at org.apache.maven.surefire.booter.SurefireStarter.invokeProvider(SurefireStarter.java:175)
	at org.apache.maven.surefire.booter.SurefireStarter.runSuitesInProcessWhenForked(SurefireStarter.java:107)
	at org.apache.maven.surefire.booter.ForkedBooter.main(ForkedBooter.java:68)
]]>
            </full-stacktrace>
          </exception>
        </test-method>
        <test-method status="FAIL" signature="testGetFileDetails_3()" name="testGetFileDetails_3" duration-ms="0" started-at="2014-01-19T01:00:42Z" finished-at="2014-01-19T01:00:42Z">
          <exception class="junit.framework.AssertionFailedError">
            <full-stacktrace>
              <![CDATA[junit.framework.AssertionFailedError
	at junit.framework.Assert.fail(Assert.java:47)
	at junit.framework.Assert.assertTrue(Assert.java:20)
	at junit.framework.Assert.assertNotNull(Assert.java:220)
	at junit.framework.Assert.assertNotNull(Assert.java:213)
	at org.grapeCity.restAssignment.service.DirectoryServiceImplTest.testGetFileDetails_3(DirectoryServiceImplTest.java:167)
	at sun.reflect.NativeMethodAccessorImpl.invoke0(Native Method)
	at sun.reflect.NativeMethodAccessorImpl.invoke(NativeMethodAccessorImpl.java:39)
	at sun.reflect.DelegatingMethodAccessorImpl.invoke(DelegatingMethodAccessorImpl.java:25)
	at java.lang.reflect.Method.invoke(Method.java:597)
	at junit.framework.TestCase.runTest(TestCase.java:154)
	at junit.framework.TestCase.runBare(TestCase.java:127)
	at junit.framework.TestResult$1.protect(TestResult.java:106)
	at junit.framework.TestResult.runProtected(TestResult.java:124)
	at junit.framework.TestResult.run(TestResult.java:109)
	at junit.framework.TestCase.run(TestCase.java:118)
	at junit.framework.TestSuite.runTest(TestSuite.java:208)
	at junit.framework.TestSuite.run(TestSuite.java:203)
	at org.testng.junit.JUnitTestRunner.doRun(JUnitTestRunner.java:250)
	at org.testng.junit.JUnitTestRunner.start(JUnitTestRunner.java:223)
	at org.testng.junit.JUnitTestRunner.run(JUnitTestRunner.java:211)
	at org.testng.TestRunner$1.run(TestRunner.java:673)
	at org.testng.TestRunner.runWorkers(TestRunner.java:999)
	at org.testng.TestRunner.privateRunJUnit(TestRunner.java:704)
	at org.testng.TestRunner.run(TestRunner.java:611)
	at org.testng.SuiteRunner.runTest(SuiteRunner.java:335)
	at org.testng.SuiteRunner.runSequentially(SuiteRunner.java:330)
	at org.testng.SuiteRunner.privateRun(SuiteRunner.java:292)
	at org.testng.SuiteRunner.run(SuiteRunner.java:241)
	at org.testng.SuiteRunnerWorker.runSuite(SuiteRunnerWorker.java:52)
	at org.testng.SuiteRunnerWorker.run(SuiteRunnerWorker.java:86)
	at org.testng.TestNG.runSuitesSequentially(TestNG.java:1169)
	at org.testng.TestNG.runSuitesLocally(TestNG.java:1094)
	at org.testng.TestNG.run(TestNG.java:1006)
	at org.apache.maven.surefire.testng.TestNGExecutor.run(TestNGExecutor.java:70)
	at org.apache.maven.surefire.testng.TestNGDirectoryTestSuite.executeMulti(TestNGDirectoryTestSuite.java:174)
	at org.apache.maven.surefire.testng.TestNGDirectoryTestSuite.execute(TestNGDirectoryTestSuite.java:98)
	at org.apache.maven.surefire.testng.TestNGProvider.invoke(TestNGProvider.java:111)
	at sun.reflect.NativeMethodAccessorImpl.invoke0(Native Method)
	at sun.reflect.NativeMethodAccessorImpl.invoke(NativeMethodAccessorImpl.java:39)
	at sun.reflect.DelegatingMethodAccessorImpl.invoke(DelegatingMethodAccessorImpl.java:25)
	at java.lang.reflect.Method.invoke(Method.java:597)
	at org.apache.maven.surefire.util.ReflectionUtils.invokeMethodWithArray(ReflectionUtils.java:164)
	at org.apache.maven.surefire.booter.ProviderFactory$ProviderProxy.invoke(ProviderFactory.java:110)
	at org.apache.maven.surefire.booter.SurefireStarter.invokeProvider(SurefireStarter.java:175)
	at org.apache.maven.surefire.booter.SurefireStarter.runSuitesInProcessWhenForked(SurefireStarter.java:107)
	at org.apache.maven.surefire.booter.ForkedBooter.main(ForkedBooter.java:68)
]]>
            </full-stacktrace>
          </exception>
        </test-method>
        <test-method status="FAIL" signature="testGetFileDetails_4()" name="testGetFileDetails_4" duration-ms="0" started-at="2014-01-19T01:00:42Z" finished-at="2014-01-19T01:00:42Z">
          <exception class="junit.framework.AssertionFailedError">
            <full-stacktrace>
              <![CDATA[junit.framework.AssertionFailedError
	at junit.framework.Assert.fail(Assert.java:47)
	at junit.framework.Assert.assertTrue(Assert.java:20)
	at junit.framework.Assert.assertNotNull(Assert.java:220)
	at junit.framework.Assert.assertNotNull(Assert.java:213)
	at org.grapeCity.restAssignment.service.DirectoryServiceImplTest.testGetFileDetails_4(DirectoryServiceImplTest.java:187)
	at sun.reflect.NativeMethodAccessorImpl.invoke0(Native Method)
	at sun.reflect.NativeMethodAccessorImpl.invoke(NativeMethodAccessorImpl.java:39)
	at sun.reflect.DelegatingMethodAccessorImpl.invoke(DelegatingMethodAccessorImpl.java:25)
	at java.lang.reflect.Method.invoke(Method.java:597)
	at junit.framework.TestCase.runTest(TestCase.java:154)
	at junit.framework.TestCase.runBare(TestCase.java:127)
	at junit.framework.TestResult$1.protect(TestResult.java:106)
	at junit.framework.TestResult.runProtected(TestResult.java:124)
	at junit.framework.TestResult.run(TestResult.java:109)
	at junit.framework.TestCase.run(TestCase.java:118)
	at junit.framework.TestSuite.runTest(TestSuite.java:208)
	at junit.framework.TestSuite.run(TestSuite.java:203)
	at org.testng.junit.JUnitTestRunner.doRun(JUnitTestRunner.java:250)
	at org.testng.junit.JUnitTestRunner.start(JUnitTestRunner.java:223)
	at org.testng.junit.JUnitTestRunner.run(JUnitTestRunner.java:211)
	at org.testng.TestRunner$1.run(TestRunner.java:673)
	at org.testng.TestRunner.runWorkers(TestRunner.java:999)
	at org.testng.TestRunner.privateRunJUnit(TestRunner.java:704)
	at org.testng.TestRunner.run(TestRunner.java:611)
	at org.testng.SuiteRunner.runTest(SuiteRunner.java:335)
	at org.testng.SuiteRunner.runSequentially(SuiteRunner.java:330)
	at org.testng.SuiteRunner.privateRun(SuiteRunner.java:292)
	at org.testng.SuiteRunner.run(SuiteRunner.java:241)
	at org.testng.SuiteRunnerWorker.runSuite(SuiteRunnerWorker.java:52)
	at org.testng.SuiteRunnerWorker.run(SuiteRunnerWorker.java:86)
	at org.testng.TestNG.runSuitesSequentially(TestNG.java:1169)
	at org.testng.TestNG.runSuitesLocally(TestNG.java:1094)
	at org.testng.TestNG.run(TestNG.java:1006)
	at org.apache.maven.surefire.testng.TestNGExecutor.run(TestNGExecutor.java:70)
	at org.apache.maven.surefire.testng.TestNGDirectoryTestSuite.executeMulti(TestNGDirectoryTestSuite.java:174)
	at org.apache.maven.surefire.testng.TestNGDirectoryTestSuite.execute(TestNGDirectoryTestSuite.java:98)
	at org.apache.maven.surefire.testng.TestNGProvider.invoke(TestNGProvider.java:111)
	at sun.reflect.NativeMethodAccessorImpl.invoke0(Native Method)
	at sun.reflect.NativeMethodAccessorImpl.invoke(NativeMethodAccessorImpl.java:39)
	at sun.reflect.DelegatingMethodAccessorImpl.invoke(DelegatingMethodAccessorImpl.java:25)
	at java.lang.reflect.Method.invoke(Method.java:597)
	at org.apache.maven.surefire.util.ReflectionUtils.invokeMethodWithArray(ReflectionUtils.java:164)
	at org.apache.maven.surefire.booter.ProviderFactory$ProviderProxy.invoke(ProviderFactory.java:110)
	at org.apache.maven.surefire.booter.SurefireStarter.invokeProvider(SurefireStarter.java:175)
	at org.apache.maven.surefire.booter.SurefireStarter.runSuitesInProcessWhenForked(SurefireStarter.java:107)
	at org.apache.maven.surefire.booter.ForkedBooter.main(ForkedBooter.java:68)
]]>
            </full-stacktrace>
          </exception>
        </test-method>
      </class>
      <class name="org.grapeCity.restAssignment.domain.DirectoryTest">
        <test-method status="PASS" signature="testGetAbsolutePath_1()" name="testGetAbsolutePath_1" duration-ms="2" started-at="2014-01-19T01:00:42Z" finished-at="2014-01-19T01:00:42Z">
        </test-method>
        <test-method status="PASS" signature="testGetType_1()" name="testGetType_1" duration-ms="0" started-at="2014-01-19T01:00:42Z" finished-at="2014-01-19T01:00:42Z">
        </test-method>
        <test-method status="PASS" signature="testSetSize_1()" name="testSetSize_1" duration-ms="0" started-at="2014-01-19T01:00:42Z" finished-at="2014-01-19T01:00:42Z">
        </test-method>
        <test-method status="PASS" signature="testSetType_1()" name="testSetType_1" duration-ms="0" started-at="2014-01-19T01:00:42Z" finished-at="2014-01-19T01:00:42Z">
        </test-method>
        <test-method status="PASS" signature="testSetAbsolutePath_1()" name="testSetAbsolutePath_1" duration-ms="0" started-at="2014-01-19T01:00:42Z" finished-at="2014-01-19T01:00:42Z">
        </test-method>
        <test-method status="PASS" signature="testGetDirectoryOrFiles_1()" name="testGetDirectoryOrFiles_1" duration-ms="0" started-at="2014-01-19T01:00:42Z" finished-at="2014-01-19T01:00:42Z">
        </test-method>
        <test-method status="PASS" signature="testGetSize_1()" name="testGetSize_1" duration-ms="0" started-at="2014-01-19T01:00:42Z" finished-at="2014-01-19T01:00:42Z">
        </test-method>
        <test-method status="PASS" signature="testGetDirectoryOrFiles_2()" name="testGetDirectoryOrFiles_2" duration-ms="0" started-at="2014-01-19T01:00:42Z" finished-at="2014-01-19T01:00:42Z">
        </test-method>
      </class>
      <class name="org.grapeCity.restAssignment.utilities.UtilsTest">
        <test-method status="PASS" signature="testCheckNullOrBlank_2()" name="testCheckNullOrBlank_2" duration-ms="0" started-at="2014-01-19T01:00:42Z" finished-at="2014-01-19T01:00:42Z">
        </test-method>
        <test-method status="PASS" signature="testCheckNullOrBlank_1()" name="testCheckNullOrBlank_1" duration-ms="0" started-at="2014-01-19T01:00:42Z" finished-at="2014-01-19T01:00:42Z">
        </test-method>
        <test-method status="PASS" signature="testCheckNullOrBlank_4()" name="testCheckNullOrBlank_4" duration-ms="0" started-at="2014-01-19T01:00:42Z" finished-at="2014-01-19T01:00:42Z">
        </test-method>
        <test-method status="PASS" signature="testCheckNullOrBlank_3()" name="testCheckNullOrBlank_3" duration-ms="0" started-at="2014-01-19T01:00:42Z" finished-at="2014-01-19T01:00:42Z">
        </test-method>
        <test-method status="PASS" signature="testCheckNullOrBlank_5()" name="testCheckNullOrBlank_5" duration-ms="0" started-at="2014-01-19T01:00:42Z" finished-at="2014-01-19T01:00:42Z">
        </test-method>
        <test-method status="PASS" signature="testCheckNullOrBlank_6()" name="testCheckNullOrBlank_6" duration-ms="3" started-at="2014-01-19T01:00:42Z" finished-at="2014-01-19T01:00:42Z">
        </test-method>
        <test-method status="PASS" signature="testCheckNullOrBlank_10()" name="testCheckNullOrBlank_10" duration-ms="0" started-at="2014-01-19T01:00:42Z" finished-at="2014-01-19T01:00:42Z">
        </test-method>
        <test-method status="PASS" signature="testCheckNullOrBlank_7()" name="testCheckNullOrBlank_7" duration-ms="0" started-at="2014-01-19T01:00:42Z" finished-at="2014-01-19T01:00:42Z">
        </test-method>
        <test-method status="PASS" signature="testCheckNullOrBlank_11()" name="testCheckNullOrBlank_11" duration-ms="0" started-at="2014-01-19T01:00:42Z" finished-at="2014-01-19T01:00:42Z">
        </test-method>
        <test-method status="PASS" signature="testCheckNullOrBlank_12()" name="testCheckNullOrBlank_12" duration-ms="0" started-at="2014-01-19T01:00:42Z" finished-at="2014-01-19T01:00:42Z">
        </test-method>
        <test-method status="PASS" signature="testCheckNullOrBlank_9()" name="testCheckNullOrBlank_9" duration-ms="0" started-at="2014-01-19T01:00:42Z" finished-at="2014-01-19T01:00:42Z">
        </test-method>
        <test-method status="PASS" signature="testCheckNullOrBlank_13()" name="testCheckNullOrBlank_13" duration-ms="0" started-at="2014-01-19T01:00:42Z" finished-at="2014-01-19T01:00:42Z">
        </test-method>
        <test-method status="PASS" signature="testCheckNullOrBlank_8()" name="testCheckNullOrBlank_8" duration-ms="0" started-at="2014-01-19T01:00:42Z" finished-at="2014-01-19T01:00:42Z">
        </test-method>
      </class>
      <class name="org.grapeCity.restAssignment.domain.FilesTest">
        <test-method status="PASS" signature="testGetAbsolutePath_1()" name="testGetAbsolutePath_1" duration-ms="0" started-at="2014-01-19T01:00:42Z" finished-at="2014-01-19T01:00:42Z">
        </test-method>
        <test-method status="PASS" signature="testGetType_1()" name="testGetType_1" duration-ms="0" started-at="2014-01-19T01:00:42Z" finished-at="2014-01-19T01:00:42Z">
        </test-method>
        <test-method status="PASS" signature="testGetReadable_1()" name="testGetReadable_1" duration-ms="0" started-at="2014-01-19T01:00:42Z" finished-at="2014-01-19T01:00:42Z">
        </test-method>
        <test-method status="PASS" signature="testGetMtime_2()" name="testGetMtime_2" duration-ms="0" started-at="2014-01-19T01:00:42Z" finished-at="2014-01-19T01:00:42Z">
        </test-method>
        <test-method status="PASS" signature="testGetReadable_2()" name="testGetReadable_2" duration-ms="0" started-at="2014-01-19T01:00:42Z" finished-at="2014-01-19T01:00:42Z">
        </test-method>
        <test-method status="PASS" signature="testSetAbsolutePath_1()" name="testSetAbsolutePath_1" duration-ms="0" started-at="2014-01-19T01:00:42Z" finished-at="2014-01-19T01:00:42Z">
        </test-method>
        <test-method status="PASS" signature="testGetExecutable_2()" name="testGetExecutable_2" duration-ms="0" started-at="2014-01-19T01:00:42Z" finished-at="2014-01-19T01:00:42Z">
        </test-method>
        <test-method status="PASS" signature="testGetSize_1()" name="testGetSize_1" duration-ms="0" started-at="2014-01-19T01:00:42Z" finished-at="2014-01-19T01:00:42Z">
        </test-method>
        <test-method status="PASS" signature="testGetExecutable_1()" name="testGetExecutable_1" duration-ms="0" started-at="2014-01-19T01:00:42Z" finished-at="2014-01-19T01:00:42Z">
        </test-method>
        <test-method status="PASS" signature="testGetMtime_1()" name="testGetMtime_1" duration-ms="0" started-at="2014-01-19T01:00:42Z" finished-at="2014-01-19T01:00:42Z">
        </test-method>
        <test-method status="PASS" signature="testSetSize_1()" name="testSetSize_1" duration-ms="0" started-at="2014-01-19T01:00:42Z" finished-at="2014-01-19T01:00:42Z">
        </test-method>
        <test-method status="PASS" signature="testGetWritable_1()" name="testGetWritable_1" duration-ms="0" started-at="2014-01-19T01:00:42Z" finished-at="2014-01-19T01:00:42Z">
        </test-method>
        <test-method status="PASS" signature="testSetType_1()" name="testSetType_1" duration-ms="0" started-at="2014-01-19T01:00:42Z" finished-at="2014-01-19T01:00:42Z">
        </test-method>
        <test-method status="PASS" signature="testSetMtime_1()" name="testSetMtime_1" duration-ms="0" started-at="2014-01-19T01:00:42Z" finished-at="2014-01-19T01:00:42Z">
        </test-method>
        <test-method status="PASS" signature="testGetWritable_2()" name="testGetWritable_2" duration-ms="0" started-at="2014-01-19T01:00:42Z" finished-at="2014-01-19T01:00:42Z">
        </test-method>
        <test-method status="PASS" signature="testSetWritable_1()" name="testSetWritable_1" duration-ms="0" started-at="2014-01-19T01:00:42Z" finished-at="2014-01-19T01:00:42Z">
        </test-method>
        <test-method status="PASS" signature="testSetReadable_1()" name="testSetReadable_1" duration-ms="0" started-at="2014-01-19T01:00:42Z" finished-at="2014-01-19T01:00:42Z">
        </test-method>
        <test-method status="PASS" signature="testSetExecutable_1()" name="testSetExecutable_1" duration-ms="0" started-at="2014-01-19T01:00:42Z" finished-at="2014-01-19T01:00:42Z">
        </test-method>
      </class>
    </test>
  </suite>
</testng-results>
