<?xml version="1.0" encoding="UTF-8" ?>
<testsuite failures="8" time="0.564" errors="0" skipped="0" tests="48" name="TestSuite">
  <properties>
[...]
</properties>
  <testcase time="0" classname="org.grapeCity.restAssignment.service.DirectoryServiceImplTest" name="testDirectoryServiceImpl_1 on instance testDirectoryServiceImpl_1"/>
  <testcase time="0.01" classname="org.grapeCity.restAssignment.service.DirectoryServiceImplTest" name="testGetDirectoryList_1 on instance testGetDirectoryList_1">
    <failure type="junit.framework.AssertionFailedError">junit.framework.AssertionFailedError
	at junit.framework.Assert.fail(Assert.java:47)
	at junit.framework.Assert.assertTrue(Assert.java:20)
	at junit.framework.Assert.assertNotNull(Assert.java:220)
	at junit.framework.Assert.assertNotNull(Assert.java:213)
	at org.grapeCity.restAssignment.service.DirectoryServiceImplTest.testGetDirectoryList_1(DirectoryServiceImplTest.java:43)
</failure>
    <system-out>01:00:42,146  WARN DirectoryServiceImpl:90 - getDirectoryList(): Requested input path doesn&apos;t have any directory or is not a valid directory.
</system-out>
  </testcase>
  <testcase time="0.01" classname="org.grapeCity.restAssignment.service.DirectoryServiceImplTest" name="testGetDirectoryList_2 on instance testGetDirectoryList_2">
    <failure type="junit.framework.AssertionFailedError">junit.framework.AssertionFailedError
	at junit.framework.Assert.fail(Assert.java:47)
	at junit.framework.Assert.assertTrue(Assert.java:20)
	at junit.framework.Assert.assertNotNull(Assert.java:220)
	at junit.framework.Assert.assertNotNull(Assert.java:213)
	at org.grapeCity.restAssignment.service.DirectoryServiceImplTest.testGetDirectoryList_2(DirectoryServiceImplTest.java:63)
</failure>
    <system-out>01:00:42,151  WARN DirectoryServiceImpl:90 - getDirectoryList(): Requested input path doesn&apos;t have any directory or is not a valid directory.
</system-out>
  </testcase>
  <testcase time="0.013" classname="org.grapeCity.restAssignment.service.DirectoryServiceImplTest" name="testGetDirectoryList_3 on instance testGetDirectoryList_3">
    <failure type="junit.framework.AssertionFailedError">junit.framework.AssertionFailedError
	at junit.framework.Assert.fail(Assert.java:47)
	at junit.framework.Assert.assertTrue(Assert.java:20)
	at junit.framework.Assert.assertNotNull(Assert.java:220)
	at junit.framework.Assert.assertNotNull(Assert.java:213)
	at org.grapeCity.restAssignment.service.DirectoryServiceImplTest.testGetDirectoryList_3(DirectoryServiceImplTest.java:83)
</failure>
    <system-out>01:00:42,153  WARN DirectoryServiceImpl:90 - getDirectoryList(): Requested input path doesn&apos;t have any directory or is not a valid directory.
</system-out>
  </testcase>
  <testcase time="0.014" classname="org.grapeCity.restAssignment.service.DirectoryServiceImplTest" name="testGetDirectoryList_4 on instance testGetDirectoryList_4">
    <failure type="junit.framework.AssertionFailedError">junit.framework.AssertionFailedError
	at junit.framework.Assert.fail(Assert.java:47)
	at junit.framework.Assert.assertTrue(Assert.java:20)
	at junit.framework.Assert.assertNotNull(Assert.java:220)
	at junit.framework.Assert.assertNotNull(Assert.java:213)
	at org.grapeCity.restAssignment.service.DirectoryServiceImplTest.testGetDirectoryList_4(DirectoryServiceImplTest.java:103)
</failure>
    <system-out>01:00:42,156  WARN DirectoryServiceImpl:90 - getDirectoryList(): Requested input path doesn&apos;t have any directory or is not a valid directory.
</system-out>
  </testcase>
  <testcase time="0.016" classname="org.grapeCity.restAssignment.service.DirectoryServiceImplTest" name="testGetFileDetails_1 on instance testGetFileDetails_1">
    <failure type="junit.framework.AssertionFailedError">junit.framework.AssertionFailedError
	at junit.framework.Assert.fail(Assert.java:47)
	at junit.framework.Assert.assertTrue(Assert.java:20)
	at junit.framework.Assert.assertNotNull(Assert.java:220)
	at junit.framework.Assert.assertNotNull(Assert.java:213)
	at org.grapeCity.restAssignment.service.DirectoryServiceImplTest.testGetFileDetails_1(DirectoryServiceImplTest.java:127)
</failure>
    <system-out>01:00:42,157  WARN DirectoryServiceImpl:61 - getFiles(): Requested input path doesn&apos;t have a file name or is not a valid file.
</system-out>
  </testcase>
  <testcase time="0.016" classname="org.grapeCity.restAssignment.service.DirectoryServiceImplTest" name="testGetFileDetails_2 on instance testGetFileDetails_2">
    <failure type="junit.framework.AssertionFailedError">junit.framework.AssertionFailedError
	at junit.framework.Assert.fail(Assert.java:47)
	at junit.framework.Assert.assertTrue(Assert.java:20)
	at junit.framework.Assert.assertNotNull(Assert.java:220)
	at junit.framework.Assert.assertNotNull(Assert.java:213)
	at org.grapeCity.restAssignment.service.DirectoryServiceImplTest.testGetFileDetails_2(DirectoryServiceImplTest.java:147)
</failure>
    <system-out>01:00:42,159  WARN DirectoryServiceImpl:61 - getFiles(): Requested input path doesn&apos;t have a file name or is not a valid file.
</system-out>
  </testcase>
  <testcase time="0.019" classname="org.grapeCity.restAssignment.service.DirectoryServiceImplTest" name="testGetFileDetails_3 on instance testGetFileDetails_3">
    <failure type="junit.framework.AssertionFailedError">junit.framework.AssertionFailedError
	at junit.framework.Assert.fail(Assert.java:47)
	at junit.framework.Assert.assertTrue(Assert.java:20)
	at junit.framework.Assert.assertNotNull(Assert.java:220)
	at junit.framework.Assert.assertNotNull(Assert.java:213)
	at org.grapeCity.restAssignment.service.DirectoryServiceImplTest.testGetFileDetails_3(DirectoryServiceImplTest.java:167)
</failure>
    <system-out>01:00:42,159  WARN DirectoryServiceImpl:61 - getFiles(): Requested input path doesn&apos;t have a file name or is not a valid file.
</system-out>
  </testcase>
  <testcase time="0.019" classname="org.grapeCity.restAssignment.service.DirectoryServiceImplTest" name="testGetFileDetails_4 on instance testGetFileDetails_4">
    <failure type="junit.framework.AssertionFailedError">junit.framework.AssertionFailedError
	at junit.framework.Assert.fail(Assert.java:47)
	at junit.framework.Assert.assertTrue(Assert.java:20)
	at junit.framework.Assert.assertNotNull(Assert.java:220)
	at junit.framework.Assert.assertNotNull(Assert.java:213)
	at org.grapeCity.restAssignment.service.DirectoryServiceImplTest.testGetFileDetails_4(DirectoryServiceImplTest.java:187)
</failure>
    <system-out>01:00:42,162  WARN DirectoryServiceImpl:61 - getFiles(): Requested input path doesn&apos;t have a file name or is not a valid file.
</system-out>
  </testcase>
  <testcase time="0.024" classname="org.grapeCity.restAssignment.domain.FilesTest" name="testGetAbsolutePath_1 on instance testGetAbsolutePath_1"/>
  <testcase time="0.024" classname="org.grapeCity.restAssignment.domain.FilesTest" name="testGetSize_1 on instance testGetSize_1"/>
  <testcase time="0.024" classname="org.grapeCity.restAssignment.domain.FilesTest" name="testGetType_1 on instance testGetType_1"/>
  <testcase time="0.024" classname="org.grapeCity.restAssignment.domain.FilesTest" name="testSetAbsolutePath_1 on instance testSetAbsolutePath_1"/>
  <testcase time="0.024" classname="org.grapeCity.restAssignment.domain.FilesTest" name="testSetSize_1 on instance testSetSize_1"/>
  <testcase time="0.024" classname="org.grapeCity.restAssignment.domain.FilesTest" name="testSetType_1 on instance testSetType_1"/>
  <testcase time="0.024" classname="org.grapeCity.restAssignment.domain.FilesTest" name="testGetExecutable_1 on instance testGetExecutable_1"/>
  <testcase time="0.024" classname="org.grapeCity.restAssignment.domain.FilesTest" name="testGetExecutable_2 on instance testGetExecutable_2"/>
  <testcase time="0.024" classname="org.grapeCity.restAssignment.domain.FilesTest" name="testGetMtime_1 on instance testGetMtime_1"/>
  <testcase time="0.024" classname="org.grapeCity.restAssignment.domain.FilesTest" name="testGetMtime_2 on instance testGetMtime_2"/>
  <testcase time="0.024" classname="org.grapeCity.restAssignment.domain.FilesTest" name="testGetReadable_1 on instance testGetReadable_1"/>
  <testcase time="0.024" classname="org.grapeCity.restAssignment.domain.FilesTest" name="testGetReadable_2 on instance testGetReadable_2"/>
  <testcase time="0.026" classname="org.grapeCity.restAssignment.domain.FilesTest" name="testGetWritable_1 on instance testGetWritable_1"/>
  <testcase time="0.026" classname="org.grapeCity.restAssignment.domain.FilesTest" name="testGetWritable_2 on instance testGetWritable_2"/>
  <testcase time="0.026" classname="org.grapeCity.restAssignment.domain.FilesTest" name="testSetExecutable_1 on instance testSetExecutable_1"/>
  <testcase time="0.026" classname="org.grapeCity.restAssignment.domain.FilesTest" name="testSetMtime_1 on instance testSetMtime_1"/>
  <testcase time="0.026" classname="org.grapeCity.restAssignment.domain.FilesTest" name="testSetReadable_1 on instance testSetReadable_1"/>
  <testcase time="0.026" classname="org.grapeCity.restAssignment.domain.FilesTest" name="testSetWritable_1 on instance testSetWritable_1"/>
  <testcase time="0.026" classname="org.grapeCity.restAssignment.utilities.UtilsTest" name="testCheckNullOrBlank_1 on instance testCheckNullOrBlank_1"/>
  <testcase time="0.026" classname="org.grapeCity.restAssignment.utilities.UtilsTest" name="testCheckNullOrBlank_2 on instance testCheckNullOrBlank_2"/>
  <testcase time="0.026" classname="org.grapeCity.restAssignment.utilities.UtilsTest" name="testCheckNullOrBlank_3 on instance testCheckNullOrBlank_3"/>
  <testcase time="0.026" classname="org.grapeCity.restAssignment.utilities.UtilsTest" name="testCheckNullOrBlank_4 on instance testCheckNullOrBlank_4"/>
  <testcase time="0.026" classname="org.grapeCity.restAssignment.utilities.UtilsTest" name="testCheckNullOrBlank_5 on instance testCheckNullOrBlank_5"/>
  <testcase time="0.029" classname="org.grapeCity.restAssignment.utilities.UtilsTest" name="testCheckNullOrBlank_6 on instance testCheckNullOrBlank_6"/>
  <testcase time="0.029" classname="org.grapeCity.restAssignment.utilities.UtilsTest" name="testCheckNullOrBlank_7 on instance testCheckNullOrBlank_7"/>
  <testcase time="0.029" classname="org.grapeCity.restAssignment.utilities.UtilsTest" name="testCheckNullOrBlank_8 on instance testCheckNullOrBlank_8"/>
  <testcase time="0.029" classname="org.grapeCity.restAssignment.utilities.UtilsTest" name="testCheckNullOrBlank_9 on instance testCheckNullOrBlank_9"/>
  <testcase time="0.029" classname="org.grapeCity.restAssignment.utilities.UtilsTest" name="testCheckNullOrBlank_10 on instance testCheckNullOrBlank_10"/>
  <testcase time="0.029" classname="org.grapeCity.restAssignment.utilities.UtilsTest" name="testCheckNullOrBlank_11 on instance testCheckNullOrBlank_11"/>
  <testcase time="0.029" classname="org.grapeCity.restAssignment.utilities.UtilsTest" name="testCheckNullOrBlank_12 on instance testCheckNullOrBlank_12"/>
  <testcase time="0.029" classname="org.grapeCity.restAssignment.utilities.UtilsTest" name="testCheckNullOrBlank_13 on instance testCheckNullOrBlank_13"/>
  <testcase time="0.031" classname="org.grapeCity.restAssignment.domain.DirectoryTest" name="testGetAbsolutePath_1 on instance testGetAbsolutePath_1"/>
  <testcase time="0.031" classname="org.grapeCity.restAssignment.domain.DirectoryTest" name="testGetDirectoryOrFiles_1 on instance testGetDirectoryOrFiles_1"/>
  <testcase time="0.031" classname="org.grapeCity.restAssignment.domain.DirectoryTest" name="testGetDirectoryOrFiles_2 on instance testGetDirectoryOrFiles_2"/>
  <testcase time="0.031" classname="org.grapeCity.restAssignment.domain.DirectoryTest" name="testGetSize_1 on instance testGetSize_1"/>
  <testcase time="0.031" classname="org.grapeCity.restAssignment.domain.DirectoryTest" name="testGetType_1 on instance testGetType_1"/>
  <testcase time="0.031" classname="org.grapeCity.restAssignment.domain.DirectoryTest" name="testSetAbsolutePath_1 on instance testSetAbsolutePath_1"/>
  <testcase time="0.031" classname="org.grapeCity.restAssignment.domain.DirectoryTest" name="testSetSize_1 on instance testSetSize_1"/>
  <testcase time="0.031" classname="org.grapeCity.restAssignment.domain.DirectoryTest" name="testSetType_1 on instance testSetType_1"/>
</testsuite>